2011-08-14 21:03:23,098 - Null reference [template '/org/apache/openejb/tomee/configs/catalina.properties', line 114, column 18] : ${tomcatShutdownCommand} cannot be resolved.
2011-08-14 21:04:12,629 - Log4JLogChute initialized using file 'velocity.log'
2011-08-14 21:04:12,629 - Starting Apache Velocity v1.6.4 (compiled: 2010-04-27 15:31:23)
2011-08-14 21:04:12,629 - Default Properties File: org/apache/velocity/runtime/defaults/velocity.properties
2011-08-14 21:04:12,632 - ResourceLoader instantiated: org.apache.velocity.runtime.resource.loader.ClasspathResourceLoader
2011-08-14 21:04:12,643 - ResourceCache: initialized (class org.apache.velocity.runtime.resource.ResourceCacheImpl) with class java.util.Collections$SynchronizedMap cache map.
2011-08-14 21:04:12,644 - Loaded System Directive: org.apache.velocity.runtime.directive.Define
2011-08-14 21:04:12,644 - Loaded System Directive: org.apache.velocity.runtime.directive.Break
2011-08-14 21:04:12,645 - Loaded System Directive: org.apache.velocity.runtime.directive.Evaluate
2011-08-14 21:04:12,645 - Loaded System Directive: org.apache.velocity.runtime.directive.Literal
2011-08-14 21:04:12,646 - Loaded System Directive: org.apache.velocity.runtime.directive.Macro
2011-08-14 21:04:12,647 - Loaded System Directive: org.apache.velocity.runtime.directive.Parse
2011-08-14 21:04:12,648 - Loaded System Directive: org.apache.velocity.runtime.directive.Include
2011-08-14 21:04:12,649 - Loaded System Directive: org.apache.velocity.runtime.directive.Foreach
2011-08-14 21:04:12,651 - Velocity was not initialized! Calling init()...
2011-08-14 21:04:12,673 - Velocity was not initialized! Calling init()...
2011-08-14 21:04:12,673 - Velocity was not initialized! Calling init()...
2011-08-14 21:04:12,673 - Velocity was not initialized! Calling init()...
2011-08-14 21:04:12,673 - Velocity was not initialized! Calling init()...
2011-08-14 21:04:12,673 - Velocity was not initialized! Calling init()...
2011-08-14 21:04:12,673 - Velocity was not initialized! Calling init()...
2011-08-14 21:04:12,673 - Velocity was not initialized! Calling init()...
2011-08-14 21:04:12,673 - Velocity was not initialized! Calling init()...
2011-08-14 21:04:12,673 - Velocity was not initialized! Calling init()...
2011-08-14 21:04:12,674 - Velocity was not initialized! Calling init()...
2011-08-14 21:04:12,674 - Velocity was not initialized! Calling init()...
2011-08-14 21:04:12,674 - Velocity was not initialized! Calling init()...
2011-08-14 21:04:12,674 - Velocity was not initialized! Calling init()...
2011-08-14 21:04:12,674 - Velocity was not initialized! Calling init()...
2011-08-14 21:04:12,674 - Velocity was not initialized! Calling init()...
2011-08-14 21:04:12,674 - Velocity was not initialized! Calling init()...
2011-08-14 21:04:12,674 - Velocity was not initialized! Calling init()...
2011-08-14 21:04:12,674 - Velocity was not initialized! Calling init()...
2011-08-14 21:04:12,675 - Velocity was not initialized! Calling init()...
2011-08-14 21:04:12,675 - Created '20' parsers.
2011-08-14 21:04:12,680 - Velocimacro : "velocimacro.library" is not set.  Trying default library: VM_global_library.vm
2011-08-14 21:04:12,680 - Velocity was not initialized! Calling init()...
2011-08-14 21:04:12,681 - Could not load resource 'VM_global_library.vm' from ResourceLoader org.apache.velocity.runtime.resource.loader.ClasspathResourceLoader: 
org.apache.velocity.exception.ResourceNotFoundException: ClasspathResourceLoader Error: cannot find resource VM_global_library.vm
	at org.apache.velocity.runtime.resource.loader.ClasspathResourceLoader.getResourceStream(ClasspathResourceLoader.java:131)
	at org.apache.velocity.runtime.resource.loader.ResourceLoader.resourceExists(ResourceLoader.java:224)
	at org.apache.velocity.runtime.resource.ResourceManagerImpl.getLoaderForResource(ResourceManagerImpl.java:641)
	at org.apache.velocity.runtime.resource.ResourceManagerImpl.getLoaderNameForResource(ResourceManagerImpl.java:624)
	at org.apache.velocity.runtime.RuntimeInstance.getLoaderNameForResource(RuntimeInstance.java:1464)
	at org.apache.velocity.runtime.VelocimacroFactory.initVelocimacro(VelocimacroFactory.java:159)
	at org.apache.velocity.runtime.RuntimeInstance.init(RuntimeInstance.java:261)
	at org.apache.velocity.runtime.RuntimeSingleton.init(RuntimeSingleton.java:114)
	at org.apache.velocity.app.Velocity.init(Velocity.java:79)
	at org.apache.openejb.arquillian.TomEEContainer.copyTemplateTo(TomEEContainer.java:222)
	at org.apache.openejb.arquillian.TomEEContainer.copyConfigs(TomEEContainer.java:208)
	at org.apache.openejb.arquillian.TomEEContainer.start(TomEEContainer.java:92)
	at org.jboss.arquillian.impl.client.container.ContainerLifecycleController$5.perform(ContainerLifecycleController.java:145)
	at org.jboss.arquillian.impl.client.container.ContainerLifecycleController$5.perform(ContainerLifecycleController.java:135)
	at org.jboss.arquillian.impl.client.container.ContainerLifecycleController.forContainer(ContainerLifecycleController.java:183)
	at org.jboss.arquillian.impl.client.container.ContainerLifecycleController.startContainer(ContainerLifecycleController.java:134)
	at sun.reflect.NativeMethodAccessorImpl.invoke0(Native Method)
	at sun.reflect.NativeMethodAccessorImpl.invoke(NativeMethodAccessorImpl.java:39)
	at sun.reflect.DelegatingMethodAccessorImpl.invoke(DelegatingMethodAccessorImpl.java:25)
	at java.lang.reflect.Method.invoke(Method.java:597)
	at org.jboss.arquillian.impl.core.ObserverImpl.invoke(ObserverImpl.java:90)
	at org.jboss.arquillian.impl.core.EventContextImpl.invokeObservers(EventContextImpl.java:98)
	at org.jboss.arquillian.impl.core.EventContextImpl.proceed(EventContextImpl.java:80)
	at org.jboss.arquillian.impl.client.ContainerDeploymentContextHandler.createContainerContext(ContainerDeploymentContextHandler.java:78)
	at sun.reflect.NativeMethodAccessorImpl.invoke0(Native Method)
	at sun.reflect.NativeMethodAccessorImpl.invoke(NativeMethodAccessorImpl.java:39)
	at sun.reflect.DelegatingMethodAccessorImpl.invoke(DelegatingMethodAccessorImpl.java:25)
	at java.lang.reflect.Method.invoke(Method.java:597)
	at org.jboss.arquillian.impl.core.ObserverImpl.invoke(ObserverImpl.java:90)
	at org.jboss.arquillian.impl.core.EventContextImpl.proceed(EventContextImpl.java:87)
	at org.jboss.arquillian.impl.core.ManagerImpl.fire(ManagerImpl.java:126)
	at org.jboss.arquillian.impl.core.ManagerImpl.fire(ManagerImpl.java:106)
	at org.jboss.arquillian.impl.core.EventImpl.fire(EventImpl.java:67)
	at org.jboss.arquillian.impl.client.container.ContainerLifecycleController$2.perform(ContainerLifecycleController.java:83)
	at org.jboss.arquillian.impl.client.container.ContainerLifecycleController$2.perform(ContainerLifecycleController.java:76)
	at org.jboss.arquillian.impl.client.container.ContainerLifecycleController.forEachContainer(ContainerLifecycleController.java:176)
	at org.jboss.arquillian.impl.client.container.ContainerLifecycleController.startContainers(ContainerLifecycleController.java:75)
	at sun.reflect.NativeMethodAccessorImpl.invoke0(Native Method)
	at sun.reflect.NativeMethodAccessorImpl.invoke(NativeMethodAccessorImpl.java:39)
	at sun.reflect.DelegatingMethodAccessorImpl.invoke(DelegatingMethodAccessorImpl.java:25)
	at java.lang.reflect.Method.invoke(Method.java:597)
	at org.jboss.arquillian.impl.core.ObserverImpl.invoke(ObserverImpl.java:90)
	at org.jboss.arquillian.impl.core.EventContextImpl.invokeObservers(EventContextImpl.java:98)
	at org.jboss.arquillian.impl.core.EventContextImpl.proceed(EventContextImpl.java:80)
	at org.jboss.arquillian.impl.core.ManagerImpl.fire(ManagerImpl.java:126)
	at org.jboss.arquillian.impl.core.ManagerImpl.fire(ManagerImpl.java:106)
	at org.jboss.arquillian.impl.core.EventImpl.fire(EventImpl.java:67)
	at org.jboss.arquillian.impl.client.ContainerEventController.execute(ContainerEventController.java:55)
	at sun.reflect.NativeMethodAccessorImpl.invoke0(Native Method)
	at sun.reflect.NativeMethodAccessorImpl.invoke(NativeMethodAccessorImpl.java:39)
	at sun.reflect.DelegatingMethodAccessorImpl.invoke(DelegatingMethodAccessorImpl.java:25)
	at java.lang.reflect.Method.invoke(Method.java:597)
	at org.jboss.arquillian.impl.core.ObserverImpl.invoke(ObserverImpl.java:90)
	at org.jboss.arquillian.impl.core.EventContextImpl.invokeObservers(EventContextImpl.java:98)
	at org.jboss.arquillian.impl.core.EventContextImpl.proceed(EventContextImpl.java:80)
	at org.jboss.arquillian.impl.TestContextHandler.createSuiteContext(TestContextHandler.java:54)
	at sun.reflect.NativeMethodAccessorImpl.invoke0(Native Method)
	at sun.reflect.NativeMethodAccessorImpl.invoke(NativeMethodAccessorImpl.java:39)
	at sun.reflect.DelegatingMethodAccessorImpl.invoke(DelegatingMethodAccessorImpl.java:25)
	at java.lang.reflect.Method.invoke(Method.java:597)
	at org.jboss.arquillian.impl.core.ObserverImpl.invoke(ObserverImpl.java:90)
	at org.jboss.arquillian.impl.core.EventContextImpl.proceed(EventContextImpl.java:87)
	at org.jboss.arquillian.impl.core.ManagerImpl.fire(ManagerImpl.java:126)
	at org.jboss.arquillian.impl.core.ManagerImpl.fire(ManagerImpl.java:106)
	at org.jboss.arquillian.impl.EventTestRunnerAdaptor.beforeSuite(EventTestRunnerAdaptor.java:58)
	at org.jboss.arquillian.junit.Arquillian.<init>(Arquillian.java:86)
	at sun.reflect.NativeConstructorAccessorImpl.newInstance0(Native Method)
	at sun.reflect.NativeConstructorAccessorImpl.newInstance(NativeConstructorAccessorImpl.java:39)
	at sun.reflect.DelegatingConstructorAccessorImpl.newInstance(DelegatingConstructorAccessorImpl.java:27)
	at java.lang.reflect.Constructor.newInstance(Constructor.java:513)
	at org.junit.internal.builders.AnnotatedBuilder.buildRunner(AnnotatedBuilder.java:31)
	at org.junit.internal.builders.AnnotatedBuilder.runnerForClass(AnnotatedBuilder.java:24)
	at org.junit.runners.model.RunnerBuilder.safeRunnerForClass(RunnerBuilder.java:57)
	at org.junit.internal.builders.AllDefaultPossibilitiesBuilder.runnerForClass(AllDefaultPossibilitiesBuilder.java:29)
	at org.junit.runners.model.RunnerBuilder.safeRunnerForClass(RunnerBuilder.java:57)
	at org.junit.internal.requests.ClassRequest.getRunner(ClassRequest.java:24)
	at org.eclipse.jdt.internal.junit4.runner.JUnit4TestReference.<init>(JUnit4TestReference.java:33)
	at org.eclipse.jdt.internal.junit4.runner.JUnit4TestClassReference.<init>(JUnit4TestClassReference.java:25)
	at org.eclipse.jdt.internal.junit4.runner.JUnit4TestLoader.createTest(JUnit4TestLoader.java:48)
	at org.eclipse.jdt.internal.junit4.runner.JUnit4TestLoader.loadTests(JUnit4TestLoader.java:38)
	at org.eclipse.jdt.internal.junit.runner.RemoteTestRunner.runTests(RemoteTestRunner.java:452)
	at org.eclipse.jdt.internal.junit.runner.RemoteTestRunner.runTests(RemoteTestRunner.java:683)
	at org.eclipse.jdt.internal.junit.runner.RemoteTestRunner.run(RemoteTestRunner.java:390)
	at org.eclipse.jdt.internal.junit.runner.RemoteTestRunner.main(RemoteTestRunner.java:197)
2011-08-14 21:04:12,684 - Velocimacro : Default library not found.
2011-08-14 21:04:12,685 - Velocimacro : allowInline = true : VMs can be defined inline in templates
2011-08-14 21:04:12,685 - Velocimacro : allowInlineToOverride = false : VMs defined inline may NOT replace previous VM definitions
2011-08-14 21:04:12,685 - Velocimacro : allowInlineLocal = false : VMs defined inline will be global in scope if allowed.
2011-08-14 21:04:12,685 - Velocimacro : autoload off : VM system will not automatically reload global library macros
2011-08-14 21:04:12,704 - ResourceManager : found /org/apache/openejb/tomee/configs/catalina.properties with loader org.apache.velocity.runtime.resource.loader.ClasspathResourceLoader
2011-08-14 21:04:12,707 - Null reference [template '/org/apache/openejb/tomee/configs/catalina.properties', line 47, column 15] : ${catalina.base} cannot be resolved.
2011-08-14 21:04:12,707 - Null reference [template '/org/apache/openejb/tomee/configs/catalina.properties', line 47, column 36] : ${catalina.base} cannot be resolved.
2011-08-14 21:04:12,707 - Null reference [template '/org/apache/openejb/tomee/configs/catalina.properties', line 47, column 63] : ${catalina.home} cannot be resolved.
2011-08-14 21:04:12,707 - Null reference [template '/org/apache/openejb/tomee/configs/catalina.properties', line 47, column 84] : ${catalina.home} cannot be resolved.
2011-08-14 21:04:12,708 - Null reference [template '/org/apache/openejb/tomee/configs/catalina.properties', line 114, column 18] : ${tomcatShutdownCommand} cannot be resolved.
2011-08-14 21:05:56,305 - Log4JLogChute initialized using file 'velocity.log'
2011-08-14 21:05:56,305 - Starting Apache Velocity v1.6.4 (compiled: 2010-04-27 15:31:23)
2011-08-14 21:05:56,305 - Default Properties File: org/apache/velocity/runtime/defaults/velocity.properties
2011-08-14 21:05:56,309 - ResourceLoader instantiated: org.apache.velocity.runtime.resource.loader.ClasspathResourceLoader
2011-08-14 21:05:56,322 - ResourceCache: initialized (class org.apache.velocity.runtime.resource.ResourceCacheImpl) with class java.util.Collections$SynchronizedMap cache map.
2011-08-14 21:05:56,323 - Loaded System Directive: org.apache.velocity.runtime.directive.Define
2011-08-14 21:05:56,324 - Loaded System Directive: org.apache.velocity.runtime.directive.Break
2011-08-14 21:05:56,324 - Loaded System Directive: org.apache.velocity.runtime.directive.Evaluate
2011-08-14 21:05:56,325 - Loaded System Directive: org.apache.velocity.runtime.directive.Literal
2011-08-14 21:05:56,325 - Loaded System Directive: org.apache.velocity.runtime.directive.Macro
2011-08-14 21:05:56,326 - Loaded System Directive: org.apache.velocity.runtime.directive.Parse
2011-08-14 21:05:56,327 - Loaded System Directive: org.apache.velocity.runtime.directive.Include
2011-08-14 21:05:56,328 - Loaded System Directive: org.apache.velocity.runtime.directive.Foreach
2011-08-14 21:05:56,330 - Velocity was not initialized! Calling init()...
2011-08-14 21:05:56,349 - Velocity was not initialized! Calling init()...
2011-08-14 21:05:56,349 - Velocity was not initialized! Calling init()...
2011-08-14 21:05:56,349 - Velocity was not initialized! Calling init()...
2011-08-14 21:05:56,349 - Velocity was not initialized! Calling init()...
2011-08-14 21:05:56,349 - Velocity was not initialized! Calling init()...
2011-08-14 21:05:56,350 - Velocity was not initialized! Calling init()...
2011-08-14 21:05:56,350 - Velocity was not initialized! Calling init()...
2011-08-14 21:05:56,350 - Velocity was not initialized! Calling init()...
2011-08-14 21:05:56,350 - Velocity was not initialized! Calling init()...
2011-08-14 21:05:56,350 - Velocity was not initialized! Calling init()...
2011-08-14 21:05:56,350 - Velocity was not initialized! Calling init()...
2011-08-14 21:05:56,350 - Velocity was not initialized! Calling init()...
2011-08-14 21:05:56,350 - Velocity was not initialized! Calling init()...
2011-08-14 21:05:56,350 - Velocity was not initialized! Calling init()...
2011-08-14 21:05:56,351 - Velocity was not initialized! Calling init()...
2011-08-14 21:05:56,351 - Velocity was not initialized! Calling init()...
2011-08-14 21:05:56,351 - Velocity was not initialized! Calling init()...
2011-08-14 21:05:56,351 - Velocity was not initialized! Calling init()...
2011-08-14 21:05:56,351 - Velocity was not initialized! Calling init()...
2011-08-14 21:05:56,351 - Created '20' parsers.
2011-08-14 21:05:56,356 - Velocimacro : "velocimacro.library" is not set.  Trying default library: VM_global_library.vm
2011-08-14 21:05:56,356 - Velocity was not initialized! Calling init()...
2011-08-14 21:05:56,358 - Could not load resource 'VM_global_library.vm' from ResourceLoader org.apache.velocity.runtime.resource.loader.ClasspathResourceLoader: 
org.apache.velocity.exception.ResourceNotFoundException: ClasspathResourceLoader Error: cannot find resource VM_global_library.vm
	at org.apache.velocity.runtime.resource.loader.ClasspathResourceLoader.getResourceStream(ClasspathResourceLoader.java:131)
	at org.apache.velocity.runtime.resource.loader.ResourceLoader.resourceExists(ResourceLoader.java:224)
	at org.apache.velocity.runtime.resource.ResourceManagerImpl.getLoaderForResource(ResourceManagerImpl.java:641)
	at org.apache.velocity.runtime.resource.ResourceManagerImpl.getLoaderNameForResource(ResourceManagerImpl.java:624)
	at org.apache.velocity.runtime.RuntimeInstance.getLoaderNameForResource(RuntimeInstance.java:1464)
	at org.apache.velocity.runtime.VelocimacroFactory.initVelocimacro(VelocimacroFactory.java:159)
	at org.apache.velocity.runtime.RuntimeInstance.init(RuntimeInstance.java:261)
	at org.apache.velocity.runtime.RuntimeSingleton.init(RuntimeSingleton.java:114)
	at org.apache.velocity.app.Velocity.init(Velocity.java:79)
	at org.apache.openejb.arquillian.TomEEContainer.copyTemplateTo(TomEEContainer.java:222)
	at org.apache.openejb.arquillian.TomEEContainer.copyConfigs(TomEEContainer.java:208)
	at org.apache.openejb.arquillian.TomEEContainer.start(TomEEContainer.java:92)
	at org.jboss.arquillian.impl.client.container.ContainerLifecycleController$5.perform(ContainerLifecycleController.java:145)
	at org.jboss.arquillian.impl.client.container.ContainerLifecycleController$5.perform(ContainerLifecycleController.java:135)
	at org.jboss.arquillian.impl.client.container.ContainerLifecycleController.forContainer(ContainerLifecycleController.java:183)
	at org.jboss.arquillian.impl.client.container.ContainerLifecycleController.startContainer(ContainerLifecycleController.java:134)
	at sun.reflect.NativeMethodAccessorImpl.invoke0(Native Method)
	at sun.reflect.NativeMethodAccessorImpl.invoke(NativeMethodAccessorImpl.java:39)
	at sun.reflect.DelegatingMethodAccessorImpl.invoke(DelegatingMethodAccessorImpl.java:25)
	at java.lang.reflect.Method.invoke(Method.java:597)
	at org.jboss.arquillian.impl.core.ObserverImpl.invoke(ObserverImpl.java:90)
	at org.jboss.arquillian.impl.core.EventContextImpl.invokeObservers(EventContextImpl.java:98)
	at org.jboss.arquillian.impl.core.EventContextImpl.proceed(EventContextImpl.java:80)
	at org.jboss.arquillian.impl.client.ContainerDeploymentContextHandler.createContainerContext(ContainerDeploymentContextHandler.java:78)
	at sun.reflect.NativeMethodAccessorImpl.invoke0(Native Method)
	at sun.reflect.NativeMethodAccessorImpl.invoke(NativeMethodAccessorImpl.java:39)
	at sun.reflect.DelegatingMethodAccessorImpl.invoke(DelegatingMethodAccessorImpl.java:25)
	at java.lang.reflect.Method.invoke(Method.java:597)
	at org.jboss.arquillian.impl.core.ObserverImpl.invoke(ObserverImpl.java:90)
	at org.jboss.arquillian.impl.core.EventContextImpl.proceed(EventContextImpl.java:87)
	at org.jboss.arquillian.impl.core.ManagerImpl.fire(ManagerImpl.java:126)
	at org.jboss.arquillian.impl.core.ManagerImpl.fire(ManagerImpl.java:106)
	at org.jboss.arquillian.impl.core.EventImpl.fire(EventImpl.java:67)
	at org.jboss.arquillian.impl.client.container.ContainerLifecycleController$2.perform(ContainerLifecycleController.java:83)
	at org.jboss.arquillian.impl.client.container.ContainerLifecycleController$2.perform(ContainerLifecycleController.java:76)
	at org.jboss.arquillian.impl.client.container.ContainerLifecycleController.forEachContainer(ContainerLifecycleController.java:176)
	at org.jboss.arquillian.impl.client.container.ContainerLifecycleController.startContainers(ContainerLifecycleController.java:75)
	at sun.reflect.NativeMethodAccessorImpl.invoke0(Native Method)
	at sun.reflect.NativeMethodAccessorImpl.invoke(NativeMethodAccessorImpl.java:39)
	at sun.reflect.DelegatingMethodAccessorImpl.invoke(DelegatingMethodAccessorImpl.java:25)
	at java.lang.reflect.Method.invoke(Method.java:597)
	at org.jboss.arquillian.impl.core.ObserverImpl.invoke(ObserverImpl.java:90)
	at org.jboss.arquillian.impl.core.EventContextImpl.invokeObservers(EventContextImpl.java:98)
	at org.jboss.arquillian.impl.core.EventContextImpl.proceed(EventContextImpl.java:80)
	at org.jboss.arquillian.impl.core.ManagerImpl.fire(ManagerImpl.java:126)
	at org.jboss.arquillian.impl.core.ManagerImpl.fire(ManagerImpl.java:106)
	at org.jboss.arquillian.impl.core.EventImpl.fire(EventImpl.java:67)
	at org.jboss.arquillian.impl.client.ContainerEventController.execute(ContainerEventController.java:55)
	at sun.reflect.NativeMethodAccessorImpl.invoke0(Native Method)
	at sun.reflect.NativeMethodAccessorImpl.invoke(NativeMethodAccessorImpl.java:39)
	at sun.reflect.DelegatingMethodAccessorImpl.invoke(DelegatingMethodAccessorImpl.java:25)
	at java.lang.reflect.Method.invoke(Method.java:597)
	at org.jboss.arquillian.impl.core.ObserverImpl.invoke(ObserverImpl.java:90)
	at org.jboss.arquillian.impl.core.EventContextImpl.invokeObservers(EventContextImpl.java:98)
	at org.jboss.arquillian.impl.core.EventContextImpl.proceed(EventContextImpl.java:80)
	at org.jboss.arquillian.impl.TestContextHandler.createSuiteContext(TestContextHandler.java:54)
	at sun.reflect.NativeMethodAccessorImpl.invoke0(Native Method)
	at sun.reflect.NativeMethodAccessorImpl.invoke(NativeMethodAccessorImpl.java:39)
	at sun.reflect.DelegatingMethodAccessorImpl.invoke(DelegatingMethodAccessorImpl.java:25)
	at java.lang.reflect.Method.invoke(Method.java:597)
	at org.jboss.arquillian.impl.core.ObserverImpl.invoke(ObserverImpl.java:90)
	at org.jboss.arquillian.impl.core.EventContextImpl.proceed(EventContextImpl.java:87)
	at org.jboss.arquillian.impl.core.ManagerImpl.fire(ManagerImpl.java:126)
	at org.jboss.arquillian.impl.core.ManagerImpl.fire(ManagerImpl.java:106)
	at org.jboss.arquillian.impl.EventTestRunnerAdaptor.beforeSuite(EventTestRunnerAdaptor.java:58)
	at org.jboss.arquillian.junit.Arquillian.<init>(Arquillian.java:86)
	at sun.reflect.NativeConstructorAccessorImpl.newInstance0(Native Method)
	at sun.reflect.NativeConstructorAccessorImpl.newInstance(NativeConstructorAccessorImpl.java:39)
	at sun.reflect.DelegatingConstructorAccessorImpl.newInstance(DelegatingConstructorAccessorImpl.java:27)
	at java.lang.reflect.Constructor.newInstance(Constructor.java:513)
	at org.junit.internal.builders.AnnotatedBuilder.buildRunner(AnnotatedBuilder.java:31)
	at org.junit.internal.builders.AnnotatedBuilder.runnerForClass(AnnotatedBuilder.java:24)
	at org.junit.runners.model.RunnerBuilder.safeRunnerForClass(RunnerBuilder.java:57)
	at org.junit.internal.builders.AllDefaultPossibilitiesBuilder.runnerForClass(AllDefaultPossibilitiesBuilder.java:29)
	at org.junit.runners.model.RunnerBuilder.safeRunnerForClass(RunnerBuilder.java:57)
	at org.junit.internal.requests.ClassRequest.getRunner(ClassRequest.java:24)
	at org.eclipse.jdt.internal.junit4.runner.JUnit4TestReference.<init>(JUnit4TestReference.java:33)
	at org.eclipse.jdt.internal.junit4.runner.JUnit4TestClassReference.<init>(JUnit4TestClassReference.java:25)
	at org.eclipse.jdt.internal.junit4.runner.JUnit4TestLoader.createTest(JUnit4TestLoader.java:48)
	at org.eclipse.jdt.internal.junit4.runner.JUnit4TestLoader.loadTests(JUnit4TestLoader.java:38)
	at org.eclipse.jdt.internal.junit.runner.RemoteTestRunner.runTests(RemoteTestRunner.java:452)
	at org.eclipse.jdt.internal.junit.runner.RemoteTestRunner.runTests(RemoteTestRunner.java:683)
	at org.eclipse.jdt.internal.junit.runner.RemoteTestRunner.run(RemoteTestRunner.java:390)
	at org.eclipse.jdt.internal.junit.runner.RemoteTestRunner.main(RemoteTestRunner.java:197)
2011-08-14 21:05:56,361 - Velocimacro : Default library not found.
2011-08-14 21:05:56,361 - Velocimacro : allowInline = true : VMs can be defined inline in templates
2011-08-14 21:05:56,361 - Velocimacro : allowInlineToOverride = false : VMs defined inline may NOT replace previous VM definitions
2011-08-14 21:05:56,361 - Velocimacro : allowInlineLocal = false : VMs defined inline will be global in scope if allowed.
2011-08-14 21:05:56,361 - Velocimacro : autoload off : VM system will not automatically reload global library macros
2011-08-14 21:05:56,380 - ResourceManager : found /org/apache/openejb/tomee/configs/catalina.properties with loader org.apache.velocity.runtime.resource.loader.ClasspathResourceLoader
2011-08-14 21:05:56,383 - Null reference [template '/org/apache/openejb/tomee/configs/catalina.properties', line 47, column 15] : ${catalina.base} cannot be resolved.
2011-08-14 21:05:56,383 - Null reference [template '/org/apache/openejb/tomee/configs/catalina.properties', line 47, column 36] : ${catalina.base} cannot be resolved.
2011-08-14 21:05:56,383 - Null reference [template '/org/apache/openejb/tomee/configs/catalina.properties', line 47, column 63] : ${catalina.home} cannot be resolved.
2011-08-14 21:05:56,384 - Null reference [template '/org/apache/openejb/tomee/configs/catalina.properties', line 47, column 84] : ${catalina.home} cannot be resolved.
2011-08-14 21:05:56,385 - Null reference [template '/org/apache/openejb/tomee/configs/catalina.properties', line 114, column 18] : ${tomcatShutdownCommand} cannot be resolved.
2011-08-14 21:07:59,048 - Log4JLogChute initialized using file 'velocity.log'
2011-08-14 21:07:59,048 - Starting Apache Velocity v1.6.4 (compiled: 2010-04-27 15:31:23)
2011-08-14 21:07:59,048 - Default Properties File: org/apache/velocity/runtime/defaults/velocity.properties
2011-08-14 21:07:59,051 - ResourceLoader instantiated: org.apache.velocity.runtime.resource.loader.ClasspathResourceLoader
2011-08-14 21:07:59,061 - ResourceCache: initialized (class org.apache.velocity.runtime.resource.ResourceCacheImpl) with class java.util.Collections$SynchronizedMap cache map.
2011-08-14 21:07:59,063 - Loaded System Directive: org.apache.velocity.runtime.directive.Define
2011-08-14 21:07:59,063 - Loaded System Directive: org.apache.velocity.runtime.directive.Break
2011-08-14 21:07:59,064 - Loaded System Directive: org.apache.velocity.runtime.directive.Evaluate
2011-08-14 21:07:59,064 - Loaded System Directive: org.apache.velocity.runtime.directive.Literal
2011-08-14 21:07:59,065 - Loaded System Directive: org.apache.velocity.runtime.directive.Macro
2011-08-14 21:07:59,066 - Loaded System Directive: org.apache.velocity.runtime.directive.Parse
2011-08-14 21:07:59,067 - Loaded System Directive: org.apache.velocity.runtime.directive.Include
2011-08-14 21:07:59,068 - Loaded System Directive: org.apache.velocity.runtime.directive.Foreach
2011-08-14 21:07:59,069 - Velocity was not initialized! Calling init()...
2011-08-14 21:07:59,088 - Velocity was not initialized! Calling init()...
2011-08-14 21:07:59,088 - Velocity was not initialized! Calling init()...
2011-08-14 21:07:59,088 - Velocity was not initialized! Calling init()...
2011-08-14 21:07:59,088 - Velocity was not initialized! Calling init()...
2011-08-14 21:07:59,088 - Velocity was not initialized! Calling init()...
2011-08-14 21:07:59,088 - Velocity was not initialized! Calling init()...
2011-08-14 21:07:59,088 - Velocity was not initialized! Calling init()...
2011-08-14 21:07:59,089 - Velocity was not initialized! Calling init()...
2011-08-14 21:07:59,089 - Velocity was not initialized! Calling init()...
2011-08-14 21:07:59,089 - Velocity was not initialized! Calling init()...
2011-08-14 21:07:59,089 - Velocity was not initialized! Calling init()...
2011-08-14 21:07:59,089 - Velocity was not initialized! Calling init()...
2011-08-14 21:07:59,089 - Velocity was not initialized! Calling init()...
2011-08-14 21:07:59,089 - Velocity was not initialized! Calling init()...
2011-08-14 21:07:59,089 - Velocity was not initialized! Calling init()...
2011-08-14 21:07:59,089 - Velocity was not initialized! Calling init()...
2011-08-14 21:07:59,089 - Velocity was not initialized! Calling init()...
2011-08-14 21:07:59,090 - Velocity was not initialized! Calling init()...
2011-08-14 21:07:59,090 - Velocity was not initialized! Calling init()...
2011-08-14 21:07:59,090 - Created '20' parsers.
2011-08-14 21:07:59,094 - Velocimacro : "velocimacro.library" is not set.  Trying default library: VM_global_library.vm
2011-08-14 21:07:59,094 - Velocity was not initialized! Calling init()...
2011-08-14 21:07:59,096 - Could not load resource 'VM_global_library.vm' from ResourceLoader org.apache.velocity.runtime.resource.loader.ClasspathResourceLoader: 
org.apache.velocity.exception.ResourceNotFoundException: ClasspathResourceLoader Error: cannot find resource VM_global_library.vm
	at org.apache.velocity.runtime.resource.loader.ClasspathResourceLoader.getResourceStream(ClasspathResourceLoader.java:131)
	at org.apache.velocity.runtime.resource.loader.ResourceLoader.resourceExists(ResourceLoader.java:224)
	at org.apache.velocity.runtime.resource.ResourceManagerImpl.getLoaderForResource(ResourceManagerImpl.java:641)
	at org.apache.velocity.runtime.resource.ResourceManagerImpl.getLoaderNameForResource(ResourceManagerImpl.java:624)
	at org.apache.velocity.runtime.RuntimeInstance.getLoaderNameForResource(RuntimeInstance.java:1464)
	at org.apache.velocity.runtime.VelocimacroFactory.initVelocimacro(VelocimacroFactory.java:159)
	at org.apache.velocity.runtime.RuntimeInstance.init(RuntimeInstance.java:261)
	at org.apache.velocity.runtime.RuntimeSingleton.init(RuntimeSingleton.java:114)
	at org.apache.velocity.app.Velocity.init(Velocity.java:79)
	at org.apache.openejb.arquillian.TomEEContainer.copyTemplateTo(TomEEContainer.java:222)
	at org.apache.openejb.arquillian.TomEEContainer.copyConfigs(TomEEContainer.java:208)
	at org.apache.openejb.arquillian.TomEEContainer.start(TomEEContainer.java:92)
	at org.apache.openejb.arquillian.TomEEContainer.main(TomEEContainer.java:73)
2011-08-14 21:07:59,097 - Velocimacro : Default library not found.
2011-08-14 21:07:59,097 - Velocimacro : allowInline = true : VMs can be defined inline in templates
2011-08-14 21:07:59,097 - Velocimacro : allowInlineToOverride = false : VMs defined inline may NOT replace previous VM definitions
2011-08-14 21:07:59,097 - Velocimacro : allowInlineLocal = false : VMs defined inline will be global in scope if allowed.
2011-08-14 21:07:59,097 - Velocimacro : autoload off : VM system will not automatically reload global library macros
2011-08-14 21:07:59,117 - ResourceManager : found /org/apache/openejb/tomee/configs/catalina.properties with loader org.apache.velocity.runtime.resource.loader.ClasspathResourceLoader
2011-08-14 21:07:59,119 - Null reference [template '/org/apache/openejb/tomee/configs/catalina.properties', line 47, column 15] : ${catalina.base} cannot be resolved.
2011-08-14 21:07:59,119 - Null reference [template '/org/apache/openejb/tomee/configs/catalina.properties', line 47, column 36] : ${catalina.base} cannot be resolved.
2011-08-14 21:07:59,120 - Null reference [template '/org/apache/openejb/tomee/configs/catalina.properties', line 47, column 63] : ${catalina.home} cannot be resolved.
2011-08-14 21:07:59,120 - Null reference [template '/org/apache/openejb/tomee/configs/catalina.properties', line 47, column 84] : ${catalina.home} cannot be resolved.
2011-08-14 21:07:59,121 - Null reference [template '/org/apache/openejb/tomee/configs/catalina.properties', line 114, column 18] : ${tomcatShutdownCommand} cannot be resolved.
2011-08-14 21:11:41,409 - Log4JLogChute initialized using file 'velocity.log'
2011-08-14 21:11:41,410 - Starting Apache Velocity v1.6.4 (compiled: 2010-04-27 15:31:23)
2011-08-14 21:11:41,410 - Default Properties File: org/apache/velocity/runtime/defaults/velocity.properties
2011-08-14 21:11:41,414 - ResourceLoader instantiated: org.apache.velocity.runtime.resource.loader.ClasspathResourceLoader
2011-08-14 21:11:41,425 - ResourceCache: initialized (class org.apache.velocity.runtime.resource.ResourceCacheImpl) with class java.util.Collections$SynchronizedMap cache map.
2011-08-14 21:11:41,426 - Loaded System Directive: org.apache.velocity.runtime.directive.Define
2011-08-14 21:11:41,427 - Loaded System Directive: org.apache.velocity.runtime.directive.Break
2011-08-14 21:11:41,428 - Loaded System Directive: org.apache.velocity.runtime.directive.Evaluate
2011-08-14 21:11:41,428 - Loaded System Directive: org.apache.velocity.runtime.directive.Literal
2011-08-14 21:11:41,429 - Loaded System Directive: org.apache.velocity.runtime.directive.Macro
2011-08-14 21:11:41,430 - Loaded System Directive: org.apache.velocity.runtime.directive.Parse
2011-08-14 21:11:41,431 - Loaded System Directive: org.apache.velocity.runtime.directive.Include
2011-08-14 21:11:41,431 - Loaded System Directive: org.apache.velocity.runtime.directive.Foreach
2011-08-14 21:11:41,433 - Velocity was not initialized! Calling init()...
2011-08-14 21:11:41,451 - Velocity was not initialized! Calling init()...
2011-08-14 21:11:41,451 - Velocity was not initialized! Calling init()...
2011-08-14 21:11:41,451 - Velocity was not initialized! Calling init()...
2011-08-14 21:11:41,452 - Velocity was not initialized! Calling init()...
2011-08-14 21:11:41,452 - Velocity was not initialized! Calling init()...
2011-08-14 21:11:41,452 - Velocity was not initialized! Calling init()...
2011-08-14 21:11:41,452 - Velocity was not initialized! Calling init()...
2011-08-14 21:11:41,452 - Velocity was not initialized! Calling init()...
2011-08-14 21:11:41,452 - Velocity was not initialized! Calling init()...
2011-08-14 21:11:41,452 - Velocity was not initialized! Calling init()...
2011-08-14 21:11:41,452 - Velocity was not initialized! Calling init()...
2011-08-14 21:11:41,452 - Velocity was not initialized! Calling init()...
2011-08-14 21:11:41,452 - Velocity was not initialized! Calling init()...
2011-08-14 21:11:41,453 - Velocity was not initialized! Calling init()...
2011-08-14 21:11:41,453 - Velocity was not initialized! Calling init()...
2011-08-14 21:11:41,453 - Velocity was not initialized! Calling init()...
2011-08-14 21:11:41,453 - Velocity was not initialized! Calling init()...
2011-08-14 21:11:41,453 - Velocity was not initialized! Calling init()...
2011-08-14 21:11:41,453 - Velocity was not initialized! Calling init()...
2011-08-14 21:11:41,453 - Created '20' parsers.
2011-08-14 21:11:41,458 - Velocimacro : "velocimacro.library" is not set.  Trying default library: VM_global_library.vm
2011-08-14 21:11:41,458 - Velocity was not initialized! Calling init()...
2011-08-14 21:11:41,459 - Could not load resource 'VM_global_library.vm' from ResourceLoader org.apache.velocity.runtime.resource.loader.ClasspathResourceLoader: 
org.apache.velocity.exception.ResourceNotFoundException: ClasspathResourceLoader Error: cannot find resource VM_global_library.vm
	at org.apache.velocity.runtime.resource.loader.ClasspathResourceLoader.getResourceStream(ClasspathResourceLoader.java:131)
	at org.apache.velocity.runtime.resource.loader.ResourceLoader.resourceExists(ResourceLoader.java:224)
	at org.apache.velocity.runtime.resource.ResourceManagerImpl.getLoaderForResource(ResourceManagerImpl.java:641)
	at org.apache.velocity.runtime.resource.ResourceManagerImpl.getLoaderNameForResource(ResourceManagerImpl.java:624)
	at org.apache.velocity.runtime.RuntimeInstance.getLoaderNameForResource(RuntimeInstance.java:1464)
	at org.apache.velocity.runtime.VelocimacroFactory.initVelocimacro(VelocimacroFactory.java:159)
	at org.apache.velocity.runtime.RuntimeInstance.init(RuntimeInstance.java:261)
	at org.apache.velocity.runtime.RuntimeSingleton.init(RuntimeSingleton.java:114)
	at org.apache.velocity.app.Velocity.init(Velocity.java:79)
	at org.apache.openejb.arquillian.TomEEContainer.copyTemplateTo(TomEEContainer.java:222)
	at org.apache.openejb.arquillian.TomEEContainer.copyConfigs(TomEEContainer.java:208)
	at org.apache.openejb.arquillian.TomEEContainer.start(TomEEContainer.java:92)
	at org.apache.openejb.arquillian.TomEEContainer.main(TomEEContainer.java:73)
2011-08-14 21:11:41,460 - Velocimacro : Default library not found.
2011-08-14 21:11:41,460 - Velocimacro : allowInline = true : VMs can be defined inline in templates
2011-08-14 21:11:41,460 - Velocimacro : allowInlineToOverride = false : VMs defined inline may NOT replace previous VM definitions
2011-08-14 21:11:41,460 - Velocimacro : allowInlineLocal = false : VMs defined inline will be global in scope if allowed.
2011-08-14 21:11:41,460 - Velocimacro : autoload off : VM system will not automatically reload global library macros
2011-08-14 21:11:41,478 - ResourceManager : found /org/apache/openejb/tomee/configs/catalina.properties with loader org.apache.velocity.runtime.resource.loader.ClasspathResourceLoader
2011-08-14 21:11:41,480 - Null reference [template '/org/apache/openejb/tomee/configs/catalina.properties', line 47, column 15] : ${catalina.base} cannot be resolved.
2011-08-14 21:11:41,480 - Null reference [template '/org/apache/openejb/tomee/configs/catalina.properties', line 47, column 36] : ${catalina.base} cannot be resolved.
2011-08-14 21:11:41,481 - Null reference [template '/org/apache/openejb/tomee/configs/catalina.properties', line 47, column 63] : ${catalina.home} cannot be resolved.
2011-08-14 21:11:41,481 - Null reference [template '/org/apache/openejb/tomee/configs/catalina.properties', line 47, column 84] : ${catalina.home} cannot be resolved.
2011-08-14 22:09:02,322 - Log4JLogChute initialized using file 'velocity.log'
2011-08-14 22:09:02,449 - Starting Apache Velocity v1.6.4 (compiled: 2010-04-27 15:31:23)
2011-08-14 22:09:02,449 - Default Properties File: org/apache/velocity/runtime/defaults/velocity.properties
2011-08-14 22:09:02,453 - ResourceLoader instantiated: org.apache.velocity.runtime.resource.loader.ClasspathResourceLoader
2011-08-14 22:09:02,466 - ResourceCache: initialized (class org.apache.velocity.runtime.resource.ResourceCacheImpl) with class java.util.Collections$SynchronizedMap cache map.
2011-08-14 22:09:02,468 - Loaded System Directive: org.apache.velocity.runtime.directive.Define
2011-08-14 22:09:02,468 - Loaded System Directive: org.apache.velocity.runtime.directive.Break
2011-08-14 22:09:02,469 - Loaded System Directive: org.apache.velocity.runtime.directive.Evaluate
2011-08-14 22:09:02,469 - Loaded System Directive: org.apache.velocity.runtime.directive.Literal
2011-08-14 22:09:02,470 - Loaded System Directive: org.apache.velocity.runtime.directive.Macro
2011-08-14 22:09:02,471 - Loaded System Directive: org.apache.velocity.runtime.directive.Parse
2011-08-14 22:09:02,472 - Loaded System Directive: org.apache.velocity.runtime.directive.Include
2011-08-14 22:09:02,473 - Loaded System Directive: org.apache.velocity.runtime.directive.Foreach
2011-08-14 22:09:02,475 - Velocity was not initialized! Calling init()...
2011-08-14 22:09:02,494 - Velocity was not initialized! Calling init()...
2011-08-14 22:09:02,494 - Velocity was not initialized! Calling init()...
2011-08-14 22:09:02,494 - Velocity was not initialized! Calling init()...
2011-08-14 22:09:02,494 - Velocity was not initialized! Calling init()...
2011-08-14 22:09:02,494 - Velocity was not initialized! Calling init()...
2011-08-14 22:09:02,494 - Velocity was not initialized! Calling init()...
2011-08-14 22:09:02,494 - Velocity was not initialized! Calling init()...
2011-08-14 22:09:02,494 - Velocity was not initialized! Calling init()...
2011-08-14 22:09:02,495 - Velocity was not initialized! Calling init()...
2011-08-14 22:09:02,495 - Velocity was not initialized! Calling init()...
2011-08-14 22:09:02,495 - Velocity was not initialized! Calling init()...
2011-08-14 22:09:02,495 - Velocity was not initialized! Calling init()...
2011-08-14 22:09:02,495 - Velocity was not initialized! Calling init()...
2011-08-14 22:09:02,495 - Velocity was not initialized! Calling init()...
2011-08-14 22:09:02,495 - Velocity was not initialized! Calling init()...
2011-08-14 22:09:02,495 - Velocity was not initialized! Calling init()...
2011-08-14 22:09:02,496 - Velocity was not initialized! Calling init()...
2011-08-14 22:09:02,496 - Velocity was not initialized! Calling init()...
2011-08-14 22:09:02,496 - Velocity was not initialized! Calling init()...
2011-08-14 22:09:02,496 - Created '20' parsers.
2011-08-14 22:09:02,501 - Velocimacro : "velocimacro.library" is not set.  Trying default library: VM_global_library.vm
2011-08-14 22:09:02,501 - Velocity was not initialized! Calling init()...
2011-08-14 22:09:02,502 - Could not load resource 'VM_global_library.vm' from ResourceLoader org.apache.velocity.runtime.resource.loader.ClasspathResourceLoader: 
org.apache.velocity.exception.ResourceNotFoundException: ClasspathResourceLoader Error: cannot find resource VM_global_library.vm
	at org.apache.velocity.runtime.resource.loader.ClasspathResourceLoader.getResourceStream(ClasspathResourceLoader.java:131)
	at org.apache.velocity.runtime.resource.loader.ResourceLoader.resourceExists(ResourceLoader.java:224)
	at org.apache.velocity.runtime.resource.ResourceManagerImpl.getLoaderForResource(ResourceManagerImpl.java:641)
	at org.apache.velocity.runtime.resource.ResourceManagerImpl.getLoaderNameForResource(ResourceManagerImpl.java:624)
	at org.apache.velocity.runtime.RuntimeInstance.getLoaderNameForResource(RuntimeInstance.java:1464)
	at org.apache.velocity.runtime.VelocimacroFactory.initVelocimacro(VelocimacroFactory.java:159)
	at org.apache.velocity.runtime.RuntimeInstance.init(RuntimeInstance.java:261)
	at org.apache.velocity.runtime.RuntimeSingleton.init(RuntimeSingleton.java:114)
	at org.apache.velocity.app.Velocity.init(Velocity.java:79)
	at org.apache.openejb.arquillian.TomEEContainer.copyTemplateTo(TomEEContainer.java:222)
	at org.apache.openejb.arquillian.TomEEContainer.copyConfigs(TomEEContainer.java:208)
	at org.apache.openejb.arquillian.TomEEContainer.start(TomEEContainer.java:92)
	at org.jboss.arquillian.impl.client.container.ContainerLifecycleController$5.perform(ContainerLifecycleController.java:145)
	at org.jboss.arquillian.impl.client.container.ContainerLifecycleController$5.perform(ContainerLifecycleController.java:135)
	at org.jboss.arquillian.impl.client.container.ContainerLifecycleController.forContainer(ContainerLifecycleController.java:183)
	at org.jboss.arquillian.impl.client.container.ContainerLifecycleController.startContainer(ContainerLifecycleController.java:134)
	at sun.reflect.NativeMethodAccessorImpl.invoke0(Native Method)
	at sun.reflect.NativeMethodAccessorImpl.invoke(NativeMethodAccessorImpl.java:39)
	at sun.reflect.DelegatingMethodAccessorImpl.invoke(DelegatingMethodAccessorImpl.java:25)
	at java.lang.reflect.Method.invoke(Method.java:597)
	at org.jboss.arquillian.impl.core.ObserverImpl.invoke(ObserverImpl.java:90)
	at org.jboss.arquillian.impl.core.EventContextImpl.invokeObservers(EventContextImpl.java:98)
	at org.jboss.arquillian.impl.core.EventContextImpl.proceed(EventContextImpl.java:80)
	at org.jboss.arquillian.impl.client.ContainerDeploymentContextHandler.createContainerContext(ContainerDeploymentContextHandler.java:78)
	at sun.reflect.NativeMethodAccessorImpl.invoke0(Native Method)
	at sun.reflect.NativeMethodAccessorImpl.invoke(NativeMethodAccessorImpl.java:39)
	at sun.reflect.DelegatingMethodAccessorImpl.invoke(DelegatingMethodAccessorImpl.java:25)
	at java.lang.reflect.Method.invoke(Method.java:597)
	at org.jboss.arquillian.impl.core.ObserverImpl.invoke(ObserverImpl.java:90)
	at org.jboss.arquillian.impl.core.EventContextImpl.proceed(EventContextImpl.java:87)
	at org.jboss.arquillian.impl.core.ManagerImpl.fire(ManagerImpl.java:126)
	at org.jboss.arquillian.impl.core.ManagerImpl.fire(ManagerImpl.java:106)
	at org.jboss.arquillian.impl.core.EventImpl.fire(EventImpl.java:67)
	at org.jboss.arquillian.impl.client.container.ContainerLifecycleController$2.perform(ContainerLifecycleController.java:83)
	at org.jboss.arquillian.impl.client.container.ContainerLifecycleController$2.perform(ContainerLifecycleController.java:76)
	at org.jboss.arquillian.impl.client.container.ContainerLifecycleController.forEachContainer(ContainerLifecycleController.java:176)
	at org.jboss.arquillian.impl.client.container.ContainerLifecycleController.startContainers(ContainerLifecycleController.java:75)
	at sun.reflect.NativeMethodAccessorImpl.invoke0(Native Method)
	at sun.reflect.NativeMethodAccessorImpl.invoke(NativeMethodAccessorImpl.java:39)
	at sun.reflect.DelegatingMethodAccessorImpl.invoke(DelegatingMethodAccessorImpl.java:25)
	at java.lang.reflect.Method.invoke(Method.java:597)
	at org.jboss.arquillian.impl.core.ObserverImpl.invoke(ObserverImpl.java:90)
	at org.jboss.arquillian.impl.core.EventContextImpl.invokeObservers(EventContextImpl.java:98)
	at org.jboss.arquillian.impl.core.EventContextImpl.proceed(EventContextImpl.java:80)
	at org.jboss.arquillian.impl.core.ManagerImpl.fire(ManagerImpl.java:126)
	at org.jboss.arquillian.impl.core.ManagerImpl.fire(ManagerImpl.java:106)
	at org.jboss.arquillian.impl.core.EventImpl.fire(EventImpl.java:67)
	at org.jboss.arquillian.impl.client.ContainerEventController.execute(ContainerEventController.java:55)
	at sun.reflect.NativeMethodAccessorImpl.invoke0(Native Method)
	at sun.reflect.NativeMethodAccessorImpl.invoke(NativeMethodAccessorImpl.java:39)
	at sun.reflect.DelegatingMethodAccessorImpl.invoke(DelegatingMethodAccessorImpl.java:25)
	at java.lang.reflect.Method.invoke(Method.java:597)
	at org.jboss.arquillian.impl.core.ObserverImpl.invoke(ObserverImpl.java:90)
	at org.jboss.arquillian.impl.core.EventContextImpl.invokeObservers(EventContextImpl.java:98)
	at org.jboss.arquillian.impl.core.EventContextImpl.proceed(EventContextImpl.java:80)
	at org.jboss.arquillian.impl.TestContextHandler.createSuiteContext(TestContextHandler.java:54)
	at sun.reflect.NativeMethodAccessorImpl.invoke0(Native Method)
	at sun.reflect.NativeMethodAccessorImpl.invoke(NativeMethodAccessorImpl.java:39)
	at sun.reflect.DelegatingMethodAccessorImpl.invoke(DelegatingMethodAccessorImpl.java:25)
	at java.lang.reflect.Method.invoke(Method.java:597)
	at org.jboss.arquillian.impl.core.ObserverImpl.invoke(ObserverImpl.java:90)
	at org.jboss.arquillian.impl.core.EventContextImpl.proceed(EventContextImpl.java:87)
	at org.jboss.arquillian.impl.core.ManagerImpl.fire(ManagerImpl.java:126)
	at org.jboss.arquillian.impl.core.ManagerImpl.fire(ManagerImpl.java:106)
	at org.jboss.arquillian.impl.EventTestRunnerAdaptor.beforeSuite(EventTestRunnerAdaptor.java:58)
	at org.jboss.arquillian.junit.Arquillian.<init>(Arquillian.java:86)
	at sun.reflect.NativeConstructorAccessorImpl.newInstance0(Native Method)
	at sun.reflect.NativeConstructorAccessorImpl.newInstance(NativeConstructorAccessorImpl.java:39)
	at sun.reflect.DelegatingConstructorAccessorImpl.newInstance(DelegatingConstructorAccessorImpl.java:27)
	at java.lang.reflect.Constructor.newInstance(Constructor.java:513)
	at org.junit.internal.builders.AnnotatedBuilder.buildRunner(AnnotatedBuilder.java:31)
	at org.junit.internal.builders.AnnotatedBuilder.runnerForClass(AnnotatedBuilder.java:24)
	at org.junit.runners.model.RunnerBuilder.safeRunnerForClass(RunnerBuilder.java:57)
	at org.junit.internal.builders.AllDefaultPossibilitiesBuilder.runnerForClass(AllDefaultPossibilitiesBuilder.java:29)
	at org.junit.runners.model.RunnerBuilder.safeRunnerForClass(RunnerBuilder.java:57)
	at org.junit.internal.requests.ClassRequest.getRunner(ClassRequest.java:24)
	at org.apache.maven.surefire.junit4.JUnit4TestSet.execute(JUnit4TestSet.java:33)
	at org.apache.maven.surefire.junit4.JUnit4Provider.executeTestSet(JUnit4Provider.java:115)
	at org.apache.maven.surefire.junit4.JUnit4Provider.invoke(JUnit4Provider.java:97)
	at sun.reflect.NativeMethodAccessorImpl.invoke0(Native Method)
	at sun.reflect.NativeMethodAccessorImpl.invoke(NativeMethodAccessorImpl.java:39)
	at sun.reflect.DelegatingMethodAccessorImpl.invoke(DelegatingMethodAccessorImpl.java:25)
	at java.lang.reflect.Method.invoke(Method.java:597)
	at org.apache.maven.surefire.booter.ProviderFactory$ClassLoaderProxy.invoke(ProviderFactory.java:103)
	at $Proxy0.invoke(Unknown Source)
	at org.apache.maven.surefire.booter.SurefireStarter.invokeProvider(SurefireStarter.java:150)
	at org.apache.maven.surefire.booter.SurefireStarter.runSuitesInProcess(SurefireStarter.java:91)
	at org.apache.maven.surefire.booter.ForkedBooter.main(ForkedBooter.java:69)
2011-08-14 22:09:02,505 - Velocimacro : Default library not found.
2011-08-14 22:09:02,505 - Velocimacro : allowInline = true : VMs can be defined inline in templates
2011-08-14 22:09:02,505 - Velocimacro : allowInlineToOverride = false : VMs defined inline may NOT replace previous VM definitions
2011-08-14 22:09:02,505 - Velocimacro : allowInlineLocal = false : VMs defined inline will be global in scope if allowed.
2011-08-14 22:09:02,506 - Velocimacro : autoload off : VM system will not automatically reload global library macros
2011-08-14 22:09:02,525 - ResourceManager : found /org/apache/openejb/tomee/configs/catalina.properties with loader org.apache.velocity.runtime.resource.loader.ClasspathResourceLoader
2011-08-14 22:09:02,527 - Null reference [template '/org/apache/openejb/tomee/configs/catalina.properties', line 47, column 15] : ${catalina.base} cannot be resolved.
2011-08-14 22:09:02,527 - Null reference [template '/org/apache/openejb/tomee/configs/catalina.properties', line 47, column 36] : ${catalina.base} cannot be resolved.
2011-08-14 22:09:02,527 - Null reference [template '/org/apache/openejb/tomee/configs/catalina.properties', line 47, column 63] : ${catalina.home} cannot be resolved.
2011-08-14 22:09:02,527 - Null reference [template '/org/apache/openejb/tomee/configs/catalina.properties', line 47, column 84] : ${catalina.home} cannot be resolved.
